<?xml version="1.0" encoding="UTF-8"?>
<!-- Generated by org.testng.reporters.JUnitXMLReporter -->
<testsuite ignored="0" hostname="EXIPC0189" failures="1" tests="3" name="Test" time="50.146" errors="0" timestamp="2024-09-23T20:03:19 IST">
  <testcase classname="com.qa.testClass.LoginPageTest" name="invalidEmailErrText" time="8.292">
    <failure type="java.lang.AssertionError" message="expected [Email address not found.] but found [Email address not found.lalala]">
      <![CDATA[java.lang.AssertionError: expected [Email address not found.] but found [Email address not found.lalala]
at com.qa.testClass.LoginPageTest.invalidEmailErrText(LoginPageTest.java:91)
at java.base/java.util.ArrayList.forEach(ArrayList.java:1511)
... Removed 33 stack frames]]>
    </failure>
  </testcase> <!-- invalidEmailErrText -->
  <testcase classname="com.qa.testClass.LoginPageTest" name="invalidPasswordErrText" time="13.036"/>
  <testcase classname="com.qa.testClass.LoginPageTest" name="validLogin" time="15.623"/>
</testsuite> <!-- Test -->
