<?xml version="1.0" encoding="UTF-8"?>
<!-- Generated by org.testng.reporters.JUnitXMLReporter -->
<testsuite ignored="0" hostname="EXIPC0200" failures="0" tests="3" name="Test" time="66.051" errors="0" timestamp="2024-09-25T17:44:35 IST">
  <testcase classname="com.qa.testClass.LoginPageTest" name="invalidEmailErrText" time="8.137"/>
  <testcase classname="com.qa.testClass.LoginPageTest" name="invalidPasswordErrText" time="14.827"/>
  <testcase classname="com.qa.testClass.LoginPageTest" name="validLogin" time="16.11"/>
</testsuite> <!-- Test -->
