<?xml version="1.0" encoding="UTF-8"?>
<testng-results ignored="0" total="3" passed="3" failed="0" skipped="0">
  <reporter-output>
  </reporter-output>
  <suite started-at="2024-09-25T17:43:29 IST" name="Suite" finished-at="2024-09-25T17:44:35 IST" duration-ms="66051">
    <groups>
    </groups>
    <test started-at="2024-09-25T17:43:29 IST" name="Test" finished-at="2024-09-25T17:44:35 IST" duration-ms="66051">
      <class name="com.qa.testClass.LoginPageTest">
        <test-method is-config="true" signature="beforeTest(java.lang.String,java.lang.String,java.lang.String,java.lang.String,java.lang.String,java.lang.String,java.lang.String)[pri:0, instance:com.qa.testClass.LoginPageTest@d35dea7]" started-at="2024-09-25T17:43:29 IST" name="beforeTest" finished-at="2024-09-25T17:43:45 IST" duration-ms="16418" status="PASS">
          <params>
            <param index="0">
              <value>
                <![CDATA[false]]>
              </value>
            </param>
            <param index="1">
              <value>
                <![CDATA[false]]>
              </value>
            </param>
            <param index="2">
              <value>
                <![CDATA[Android]]>
              </value>
            </param>
            <param index="3">
              <value>
                <![CDATA[Pixel_7]]>
              </value>
            </param>
            <param index="4">
              <value>
                <![CDATA[13.0]]>
              </value>
            </param>
            <param index="5">
              <value>
                <![CDATA[PD21BDD464038424]]>
              </value>
            </param>
            <param index="6">
              <value>
                <![CDATA[emulator-5554]]>
              </value>
            </param>
          </params>
          <reporter-output>
          </reporter-output>
        </test-method> <!-- beforeTest -->
        <test-method is-config="true" signature="beforeClass()[pri:0, instance:com.qa.testClass.LoginPageTest@d35dea7]" started-at="2024-09-25T17:43:45 IST" name="beforeClass" finished-at="2024-09-25T17:43:45 IST" duration-ms="3" status="PASS">
          <reporter-output>
          </reporter-output>
        </test-method> <!-- beforeClass -->
        <test-method is-config="true" signature="beforeMethodForVideo()[pri:0, instance:com.qa.testClass.LoginPageTest@d35dea7]" started-at="2024-09-25T17:43:45 IST" name="beforeMethodForVideo" finished-at="2024-09-25T17:43:46 IST" duration-ms="814" status="PASS">
          <reporter-output>
          </reporter-output>
        </test-method> <!-- beforeMethodForVideo -->
        <test-method is-config="true" signature="beforeMethod(java.lang.reflect.Method)[pri:0, instance:com.qa.testClass.LoginPageTest@d35dea7]" started-at="2024-09-25T17:43:46 IST" name="beforeMethod" finished-at="2024-09-25T17:43:47 IST" duration-ms="674" status="PASS">
          <params>
            <param index="0">
              <value>
                <![CDATA[public void com.qa.testClass.LoginPageTest.invalidEmailErrText()]]>
              </value>
            </param>
          </params>
          <reporter-output>
          </reporter-output>
        </test-method> <!-- beforeMethod -->
        <test-method signature="invalidEmailErrText()[pri:0, instance:com.qa.testClass.LoginPageTest@d35dea7]" started-at="2024-09-25T17:43:47 IST" name="invalidEmailErrText" finished-at="2024-09-25T17:43:55 IST" duration-ms="8137" status="PASS">
          <reporter-output>
          </reporter-output>
        </test-method> <!-- invalidEmailErrText -->
        <test-method is-config="true" signature="afterMethod()[pri:0, instance:com.qa.testClass.LoginPageTest@d35dea7]" started-at="2024-09-25T17:43:55 IST" name="afterMethod" finished-at="2024-09-25T17:43:56 IST" duration-ms="861" status="PASS">
          <reporter-output>
          </reporter-output>
        </test-method> <!-- afterMethod -->
        <test-method is-config="true" signature="beforeMethodForVideo(org.testng.ITestResult)[pri:0, instance:com.qa.testClass.LoginPageTest@d35dea7]" started-at="2024-09-25T17:43:56 IST" name="beforeMethodForVideo" finished-at="2024-09-25T17:43:57 IST" duration-ms="836" status="PASS">
          <params>
            <param index="0">
              <value>
                <![CDATA[[TestResult name=invalidEmailErrText status=SUCCESS method=LoginPageTest.invalidEmailErrText()[pri:0, instance:com.qa.testClass.LoginPageTest@d35dea7] output={null}]]]>
              </value>
            </param>
          </params>
          <reporter-output>
          </reporter-output>
        </test-method> <!-- beforeMethodForVideo -->
        <test-method is-config="true" signature="beforeMethodForVideo()[pri:0, instance:com.qa.testClass.LoginPageTest@d35dea7]" started-at="2024-09-25T17:43:57 IST" name="beforeMethodForVideo" finished-at="2024-09-25T17:43:57 IST" duration-ms="761" status="PASS">
          <reporter-output>
          </reporter-output>
        </test-method> <!-- beforeMethodForVideo -->
        <test-method is-config="true" signature="beforeMethod(java.lang.reflect.Method)[pri:0, instance:com.qa.testClass.LoginPageTest@d35dea7]" started-at="2024-09-25T17:43:57 IST" name="beforeMethod" finished-at="2024-09-25T17:43:58 IST" duration-ms="327" status="PASS">
          <params>
            <param index="0">
              <value>
                <![CDATA[public void com.qa.testClass.LoginPageTest.invalidPasswordErrText()]]>
              </value>
            </param>
          </params>
          <reporter-output>
          </reporter-output>
        </test-method> <!-- beforeMethod -->
        <test-method signature="invalidPasswordErrText()[pri:0, instance:com.qa.testClass.LoginPageTest@d35dea7]" started-at="2024-09-25T17:43:58 IST" name="invalidPasswordErrText" finished-at="2024-09-25T17:44:12 IST" duration-ms="14827" status="PASS">
          <reporter-output>
          </reporter-output>
        </test-method> <!-- invalidPasswordErrText -->
        <test-method is-config="true" signature="afterMethod()[pri:0, instance:com.qa.testClass.LoginPageTest@d35dea7]" started-at="2024-09-25T17:44:12 IST" name="afterMethod" finished-at="2024-09-25T17:44:13 IST" duration-ms="726" status="PASS">
          <reporter-output>
          </reporter-output>
        </test-method> <!-- afterMethod -->
        <test-method is-config="true" signature="beforeMethodForVideo(org.testng.ITestResult)[pri:0, instance:com.qa.testClass.LoginPageTest@d35dea7]" started-at="2024-09-25T17:44:13 IST" name="beforeMethodForVideo" finished-at="2024-09-25T17:44:15 IST" duration-ms="1622" status="PASS">
          <params>
            <param index="0">
              <value>
                <![CDATA[[TestResult name=invalidPasswordErrText status=SUCCESS method=LoginPageTest.invalidPasswordErrText()[pri:0, instance:com.qa.testClass.LoginPageTest@d35dea7] output={null}]]]>
              </value>
            </param>
          </params>
          <reporter-output>
          </reporter-output>
        </test-method> <!-- beforeMethodForVideo -->
        <test-method is-config="true" signature="beforeMethodForVideo()[pri:0, instance:com.qa.testClass.LoginPageTest@d35dea7]" started-at="2024-09-25T17:44:15 IST" name="beforeMethodForVideo" finished-at="2024-09-25T17:44:16 IST" duration-ms="772" status="PASS">
          <reporter-output>
          </reporter-output>
        </test-method> <!-- beforeMethodForVideo -->
        <test-method is-config="true" signature="beforeMethod(java.lang.reflect.Method)[pri:0, instance:com.qa.testClass.LoginPageTest@d35dea7]" started-at="2024-09-25T17:44:16 IST" name="beforeMethod" finished-at="2024-09-25T17:44:16 IST" duration-ms="315" status="PASS">
          <params>
            <param index="0">
              <value>
                <![CDATA[public void com.qa.testClass.LoginPageTest.validLogin()]]>
              </value>
            </param>
          </params>
          <reporter-output>
          </reporter-output>
        </test-method> <!-- beforeMethod -->
        <test-method signature="validLogin()[pri:0, instance:com.qa.testClass.LoginPageTest@d35dea7]" started-at="2024-09-25T17:44:16 IST" name="validLogin" finished-at="2024-09-25T17:44:32 IST" duration-ms="16110" status="PASS">
          <reporter-output>
          </reporter-output>
        </test-method> <!-- validLogin -->
        <test-method is-config="true" signature="afterMethod()[pri:0, instance:com.qa.testClass.LoginPageTest@d35dea7]" started-at="2024-09-25T17:44:32 IST" name="afterMethod" finished-at="2024-09-25T17:44:33 IST" duration-ms="748" status="PASS">
          <reporter-output>
          </reporter-output>
        </test-method> <!-- afterMethod -->
        <test-method is-config="true" signature="beforeMethodForVideo(org.testng.ITestResult)[pri:0, instance:com.qa.testClass.LoginPageTest@d35dea7]" started-at="2024-09-25T17:44:33 IST" name="beforeMethodForVideo" finished-at="2024-09-25T17:44:34 IST" duration-ms="1615" status="PASS">
          <params>
            <param index="0">
              <value>
                <![CDATA[[TestResult name=validLogin status=SUCCESS method=LoginPageTest.validLogin()[pri:0, instance:com.qa.testClass.LoginPageTest@d35dea7] output={null}]]]>
              </value>
            </param>
          </params>
          <reporter-output>
          </reporter-output>
        </test-method> <!-- beforeMethodForVideo -->
        <test-method is-config="true" signature="afterClass()[pri:0, instance:com.qa.testClass.LoginPageTest@d35dea7]" started-at="2024-09-25T17:44:34 IST" name="afterClass" finished-at="2024-09-25T17:44:34 IST" duration-ms="0" status="PASS">
          <reporter-output>
          </reporter-output>
        </test-method> <!-- afterClass -->
        <test-method is-config="true" signature="afterTest()[pri:0, instance:com.qa.testClass.LoginPageTest@d35dea7]" started-at="2024-09-25T17:44:34 IST" name="afterTest" finished-at="2024-09-25T17:44:35 IST" duration-ms="446" status="PASS">
          <reporter-output>
          </reporter-output>
        </test-method> <!-- afterTest -->
      </class> <!-- com.qa.testClass.LoginPageTest -->
    </test> <!-- Test -->
  </suite> <!-- Suite -->
</testng-results>
